# JRE version: Java(TM) SE Runtime Environment (8.0_45-b14) (build 1.8.0_45-b14)
# Java VM: Java HotSpot(TM) 64-Bit Server VM (25.45-b02 mixed mode windows-amd64 compressed oops)
Heap:
 PSYoungGen      total 271872K, used 79123K [0x00000000eab00000, 0x00000000fe080000, 0x0000000100000000)
  eden space 237056K, 33% used [0x00000000eab00000,0x00000000ef844c10,0x00000000f9280000)
  from space 34816K, 0% used [0x00000000f9280000,0x00000000f9280000,0x00000000fb480000)
  to   space 39424K, 0% used [0x00000000fba00000,0x00000000fba00000,0x00000000fe080000)
 ParOldGen       total 139264K, used 79866K [0x00000000c0000000, 0x00000000c8800000, 0x00000000eab00000)
  object space 139264K, 57% used [0x00000000c0000000,0x00000000c4dfebf8,0x00000000c8800000)
 Metaspace       used 69026K, capacity 74254K, committed 74368K, reserved 1112064K
  class space    used 9795K, capacity 11619K, committed 11648K, reserved 1048576K
GC Heap History (10 events):
Event: 77.870 GC heap before
{Heap before GC invocations=14 (full 3):
 PSYoungGen      total 220672K, used 199168K [0x00000000eab00000, 0x00000000f9900000, 0x0000000100000000)
  eden space 199168K, 100% used [0x00000000eab00000,0x00000000f6d80000,0x00000000f6d80000)
  from space 21504K, 0% used [0x00000000f8300000,0x00000000f8300000,0x00000000f9800000)
  to   space 22016K, 0% used [0x00000000f6d80000,0x00000000f6d80000,0x00000000f8300000)
 ParOldGen       total 79872K, used 40515K [0x00000000c0000000, 0x00000000c4e00000, 0x00000000eab00000)
  object space 79872K, 50% used [0x00000000c0000000,0x00000000c2790d48,0x00000000c4e00000)
 Metaspace       used 47002K, capacity 49858K, committed 50048K, reserved 1091584K
  class space    used 6655K, capacity 7759K, committed 7808K, reserved 1048576K
Event: 77.942 GC heap after
Heap after GC invocations=14 (full 3):
 PSYoungGen      total 221184K, used 21993K [0x00000000eab00000, 0x00000000fce00000, 0x0000000100000000)
  eden space 199168K, 0% used [0x00000000eab00000,0x00000000eab00000,0x00000000f6d80000)
  from space 22016K, 99% used [0x00000000f6d80000,0x00000000f82fa6a0,0x00000000f8300000)
  to   space 26112K, 0% used [0x00000000fb480000,0x00000000fb480000,0x00000000fce00000)
 ParOldGen       total 79872K, used 43049K [0x00000000c0000000, 0x00000000c4e00000, 0x00000000eab00000)
  object space 79872K, 53% used [0x00000000c0000000,0x00000000c2a0a420,0x00000000c4e00000)
 Metaspace       used 47002K, capacity 49858K, committed 50048K, reserved 1091584K
  class space    used 6655K, capacity 7759K, committed 7808K, reserved 1048576K
}
Event: 239.030 GC heap before
{Heap before GC invocations=15 (full 3):
 PSYoungGen      total 221184K, used 221161K [0x00000000eab00000, 0x00000000fce00000, 0x0000000100000000)
  eden space 199168K, 100% used [0x00000000eab00000,0x00000000f6d80000,0x00000000f6d80000)
  from space 22016K, 99% used [0x00000000f6d80000,0x00000000f82fa6a0,0x00000000f8300000)
  to   space 26112K, 0% used [0x00000000fb480000,0x00000000fb480000,0x00000000fce00000)
 ParOldGen       total 79872K, used 43049K [0x00000000c0000000, 0x00000000c4e00000, 0x00000000eab00000)
  object space 79872K, 53% used [0x00000000c0000000,0x00000000c2a0a420,0x00000000c4e00000)
 Metaspace       used 53068K, capacity 56738K, committed 56832K, reserved 1097728K
  class space    used 7541K, capacity 8917K, committed 8960K, reserved 1048576K
Event: 239.117 GC heap after
Heap after GC invocations=15 (full 3):
 PSYoungGen      total 263168K, used 26088K [0x00000000eab00000, 0x00000000fd780000, 0x0000000100000000)
  eden space 237056K, 0% used [0x00000000eab00000,0x00000000eab00000,0x00000000f9280000)
  from space 26112K, 99% used [0x00000000fb480000,0x00000000fcdfa310,0x00000000fce00000)
  to   space 34816K, 0% used [0x00000000f9280000,0x00000000f9280000,0x00000000fb480000)
 ParOldGen       total 79872K, used 55473K [0x00000000c0000000, 0x00000000c4e00000, 0x00000000eab00000)
  object space 79872K, 69% used [0x00000000c0000000,0x00000000c362c740,0x00000000c4e00000)
 Metaspace       used 53068K, capacity 56738K, committed 56832K, reserved 1097728K
  class space    used 7541K, capacity 8917K, committed 8960K, reserved 1048576K
}
Event: 244.921 GC heap before
{Heap before GC invocations=16 (full 3):
 PSYoungGen      total 263168K, used 148268K [0x00000000eab00000, 0x00000000fd780000, 0x0000000100000000)
  eden space 237056K, 51% used [0x00000000eab00000,0x00000000f2250cf8,0x00000000f9280000)
  from space 26112K, 99% used [0x00000000fb480000,0x00000000fcdfa310,0x00000000fce00000)
  to   space 34816K, 0% used [0x00000000f9280000,0x00000000f9280000,0x00000000fb480000)
 ParOldGen       total 79872K, used 55473K [0x00000000c0000000, 0x00000000c4e00000, 0x00000000eab00000)
  object space 79872K, 69% used [0x00000000c0000000,0x00000000c362c740,0x00000000c4e00000)
 Metaspace       used 56112K, capacity 60241K, committed 60544K, reserved 1099776K
  class space    used 8034K, capacity 9514K, committed 9600K, reserved 1048576K
Event: 245.001 GC heap after
Heap after GC invocations=16 (full 3):
 PSYoungGen      total 271872K, used 32770K [0x00000000eab00000, 0x00000000fe080000, 0x0000000100000000)
  eden space 237056K, 0% used [0x00000000eab00000,0x00000000eab00000,0x00000000f9280000)
  from space 34816K, 94% used [0x00000000f9280000,0x00000000fb2808a0,0x00000000fb480000)
  to   space 39424K, 0% used [0x00000000fba00000,0x00000000fba00000,0x00000000fe080000)
 ParOldGen       total 79872K, used 55481K [0x00000000c0000000, 0x00000000c4e00000, 0x00000000eab00000)
  object space 79872K, 69% used [0x00000000c0000000,0x00000000c362e740,0x00000000c4e00000)
 Metaspace       used 56112K, capacity 60241K, committed 60544K, reserved 1099776K
  class space    used 8034K, capacity 9514K, committed 9600K, reserved 1048576K
}
Event: 245.001 GC heap before
{Heap before GC invocations=17 (full 4):
 PSYoungGen      total 271872K, used 32770K [0x00000000eab00000, 0x00000000fe080000, 0x0000000100000000)
  eden space 237056K, 0% used [0x00000000eab00000,0x00000000eab00000,0x00000000f9280000)
  from space 34816K, 94% used [0x00000000f9280000,0x00000000fb2808a0,0x00000000fb480000)
  to   space 39424K, 0% used [0x00000000fba00000,0x00000000fba00000,0x00000000fe080000)
 ParOldGen       total 79872K, used 55481K [0x00000000c0000000, 0x00000000c4e00000, 0x00000000eab00000)
  object space 79872K, 69% used [0x00000000c0000000,0x00000000c362e740,0x00000000c4e00000)
 Metaspace       used 56112K, capacity 60241K, committed 60544K, reserved 1099776K
  class space    used 8034K, capacity 9514K, committed 9600K, reserved 1048576K
Event: 245.833 GC heap after
Heap after GC invocations=17 (full 4):
 PSYoungGen      total 271872K, used 464K [0x00000000eab00000, 0x00000000fe080000, 0x0000000100000000)
  eden space 237056K, 0% used [0x00000000eab00000,0x00000000eab00000,0x00000000f9280000)
  from space 34816K, 1% used [0x00000000f9280000,0x00000000f92f43b8,0x00000000fb480000)
  to   space 39424K, 0% used [0x00000000fba00000,0x00000000fba00000,0x00000000fe080000)
 ParOldGen       total 79872K, used 79464K [0x00000000c0000000, 0x00000000c4e00000, 0x00000000eab00000)
  object space 79872K, 99% used [0x00000000c0000000,0x00000000c4d9a2a0,0x00000000c4e00000)
 Metaspace       used 56112K, capacity 60241K, committed 60544K, reserved 1099776K
  class space    used 8034K, capacity 9514K, committed 9600K, reserved 1048576K
}
Event: 559.714 GC heap before
{Heap before GC invocations=18 (full 5):
 PSYoungGen      total 271872K, used 237520K [0x00000000eab00000, 0x00000000fe080000, 0x0000000100000000)
  eden space 237056K, 100% used [0x00000000eab00000,0x00000000f9280000,0x00000000f9280000)
  from space 34816K, 1% used [0x00000000f9280000,0x00000000f92f43b8,0x00000000fb480000)
  to   space 39424K, 0% used [0x00000000fba00000,0x00000000fba00000,0x00000000fe080000)
 ParOldGen       total 79872K, used 79464K [0x00000000c0000000, 0x00000000c4e00000, 0x00000000eab00000)
  object space 79872K, 99% used [0x00000000c0000000,0x00000000c4d9a2a0,0x00000000c4e00000)
 Metaspace       used 63450K, capacity 68590K, committed 68864K, reserved 1107968K
  class space    used 9120K, capacity 10944K, committed 11008K, reserved 1048576K
Event: 560.580 GC heap after
Heap after GC invocations=18 (full 5):
 PSYoungGen      total 271872K, used 26203K [0x00000000eab00000, 0x00000000fe080000, 0x0000000100000000)
  eden space 237056K, 11% used [0x00000000eab00000,0x00000000ec496e60,0x00000000f9280000)
  from space 34816K, 0% used [0x00000000f9280000,0x00000000f9280000,0x00000000fb480000)
  to   space 39424K, 0% used [0x00000000fba00000,0x00000000fba00000,0x00000000fe080000)
 ParOldGen       total 139264K, used 79866K [0x00000000c0000000, 0x00000000c8800000, 0x00000000eab00000)
  object space 139264K, 57% used [0x00000000c0000000,0x00000000c4dfebf8,0x00000000c8800000)
 Metaspace       used 63450K, capacity 68590K, committed 68864K, reserved 1107968K
  class space    used 9120K, capacity 10944K, committed 11008K, reserved 1048576K
}

